  SpriteRenderComponent.cpp
  TextureManager.cpp
  GameEngineMain.cpp
  Entity.cpp
  main.cpp
  Component.cpp
  RenderComponent.cpp
  GameBoard.cpp
  PlayerEntity.cpp
  PlayerMovementComponent.cpp
  ObstacleEntity.cpp
  CollisionManager.cpp
  CollidableComponent.cpp
  CollidablePhysicsComponent.cpp
  AnimationComponent.cpp
  Generating Code...
  UbiGame.vcxproj -> D:\Projects\UbiGam\UbiGame1308\UbiGame1208\UbiGame\x64\Debug\UbiGame.exe
  UbiGame.vcxproj -> D:\Projects\UbiGam\UbiGame1308\UbiGame1208\UbiGame\x64\Debug\UbiGame.pdb (Partial PDB)
  D:\Projects\UbiGam\UbiGame1308\UbiGame1208\UbiGame\UbiGame\Resources\img\Flappy.png
  D:\Projects\UbiGam\UbiGame1308\UbiGame1208\UbiGame\UbiGame\Resources\img\player.png
  D:\Projects\UbiGam\UbiGame1308\UbiGame1208\UbiGame\UbiGame\Resources\img\tileset.png
  3 File(s) copied
