  CollidablePhysicsComponent.cpp
  CollidableComponent.cpp
  CollisionManager.cpp
  ObstacleEntity.cpp
  PlayerMovementComponent.cpp
  PlayerEntity.cpp
  GameBoard.cpp
  RenderComponent.cpp
  Component.cpp
  main.cpp
  Entity.cpp
  GameEngineMain.cpp
  TextureManager.cpp
  Generating code
  456 of 456 functions (100.0%) were compiled, the rest were copied from previous compilation.
    452 functions were new in current compilation
    0 functions had inline decision re-evaluated but remain unchanged
  Finished generating code
  UbiGame.vcxproj -> D:\Projects\UbiGam\UbiGame0808\UbiGam\UbiGame\x64\Release\UbiGame.exe
  UbiGame.vcxproj -> D:\Projects\UbiGam\UbiGame0808\UbiGam\UbiGame\x64\Release\UbiGame.pdb (Full PDB)
  D:\Projects\UbiGam\UbiGame0808\UbiGam\UbiGame\UbiGame\Resources\img\Flappy.png
  D:\Projects\UbiGam\UbiGame0808\UbiGam\UbiGame\UbiGame\Resources\img\player.png
  D:\Projects\UbiGam\UbiGame0808\UbiGam\UbiGame\UbiGame\Resources\img\tileset.png
  3 File(s) copied
