  TextRenderComponent.cpp
  PlayerCameraComponent.cpp
  CameraManager.cpp
  PlayerSoundComponent.cpp
  ParticleComponent.cpp
  ParticleEmitterComponent.cpp
  SoundComponent.cpp
  AnimationManager.cpp
  AnimationComponent.cpp
  CollidablePhysicsComponent.cpp
  CollidableComponent.cpp
  CollisionManager.cpp
  SoundManager.cpp
C:\Users\avery\source\repos\HackersNest\TheGhostBlewOffTheLamp\Source\GameEngine\Util\SoundManager.cpp(122,18): warning C4834: discarding return value of function with 'nodiscard' attribute
  ObstacleEntity.cpp
  PlayerMovementComponent.cpp
  PlayerEntity.cpp
  GameBoard.cpp
  RenderComponent.cpp
  Component.cpp
  main.cpp
  Generating Code...
  Compiling...
  Entity.cpp
  GameEngineMain.cpp
  TextureManager.cpp
  SpriteRenderComponent.cpp
  Generating Code...
  UbiGame.vcxproj -> C:\Users\avery\source\repos\HackersNest\TheGhostBlewOffTheLamp\bin\x64\Debug\UbiGame.exe
  C:\Users\avery\source\repos\HackersNest\TheGhostBlewOffTheLamp\Resources\fonts\arial.ttf
  C:\Users\avery\source\repos\HackersNest\TheGhostBlewOffTheLamp\Resources\img\bg.png
  C:\Users\avery\source\repos\HackersNest\TheGhostBlewOffTheLamp\Resources\img\Flappy.png
  C:\Users\avery\source\repos\HackersNest\TheGhostBlewOffTheLamp\Resources\img\particles.png
  C:\Users\avery\source\repos\HackersNest\TheGhostBlewOffTheLamp\Resources\img\player.png
  C:\Users\avery\source\repos\HackersNest\TheGhostBlewOffTheLamp\Resources\img\tileset.png
  C:\Users\avery\source\repos\HackersNest\TheGhostBlewOffTheLamp\Resources\snd\glassBreak.wav
  C:\Users\avery\source\repos\HackersNest\TheGhostBlewOffTheLamp\Resources\snd\thunder.wav
  8 File(s) copied
  C:\Users\avery\source\repos\HackersNest\TheGhostBlewOffTheLamp\..\SFML-2.5.0\bin\openal32.dll
  C:\Users\avery\source\repos\HackersNest\TheGhostBlewOffTheLamp\..\SFML-2.5.0\bin\sfml-audio-2.dll
  C:\Users\avery\source\repos\HackersNest\TheGhostBlewOffTheLamp\..\SFML-2.5.0\bin\sfml-audio-d-2.dll
  C:\Users\avery\source\repos\HackersNest\TheGhostBlewOffTheLamp\..\SFML-2.5.0\bin\sfml-graphics-2.dll
  C:\Users\avery\source\repos\HackersNest\TheGhostBlewOffTheLamp\..\SFML-2.5.0\bin\sfml-graphics-d-2.dll
  C:\Users\avery\source\repos\HackersNest\TheGhostBlewOffTheLamp\..\SFML-2.5.0\bin\sfml-network-2.dll
  C:\Users\avery\source\repos\HackersNest\TheGhostBlewOffTheLamp\..\SFML-2.5.0\bin\sfml-network-d-2.dll
  C:\Users\avery\source\repos\HackersNest\TheGhostBlewOffTheLamp\..\SFML-2.5.0\bin\sfml-system-2.dll
  C:\Users\avery\source\repos\HackersNest\TheGhostBlewOffTheLamp\..\SFML-2.5.0\bin\sfml-system-d-2.dll
  C:\Users\avery\source\repos\HackersNest\TheGhostBlewOffTheLamp\..\SFML-2.5.0\bin\sfml-window-2.dll
  C:\Users\avery\source\repos\HackersNest\TheGhostBlewOffTheLamp\..\SFML-2.5.0\bin\sfml-window-d-2.dll
  11 File(s) copied
